<?xml version="1.0" encoding="UTF-8"?>
<testng-results ignored="0" total="1" passed="1" failed="0" skipped="0">
  <reporter-output>
  </reporter-output>
  <suite started-at="2023-08-01T21:47:28 IST" name="Suite" finished-at="2023-08-01T21:47:35 IST" duration-ms="7040">
    <groups>
    </groups>
    <test started-at="2023-08-01T21:47:28 IST" name="Test" finished-at="2023-08-01T21:47:35 IST" duration-ms="7040">
      <class name="com.saucedemo.test.LoginPageTest">
        <test-method is-config="true" signature="initBrowser()[pri:0, instance:com.saucedemo.test.LoginPageTest@4c2bb6e0]" started-at="2023-08-01T21:47:19 IST" name="initBrowser" finished-at="2023-08-01T21:47:28 IST" duration-ms="9000" status="PASS">
          <reporter-output>
          </reporter-output>
        </test-method> <!-- initBrowser -->
        <test-method signature="validateUnAndPas()[pri:0, instance:com.saucedemo.test.LoginPageTest@4c2bb6e0]" started-at="2023-08-01T21:47:28 IST" name="validateUnAndPas" finished-at="2023-08-01T21:47:35 IST" duration-ms="6905" status="PASS">
          <reporter-output>
          </reporter-output>
        </test-method> <!-- validateUnAndPas -->
        <test-method is-config="true" signature="tearDown()[pri:0, instance:com.saucedemo.test.LoginPageTest@4c2bb6e0]" started-at="2023-08-01T21:47:35 IST" name="tearDown" finished-at="2023-08-01T21:47:35 IST" duration-ms="1" status="PASS">
          <reporter-output>
          </reporter-output>
        </test-method> <!-- tearDown -->
      </class> <!-- com.saucedemo.test.LoginPageTest -->
    </test> <!-- Test -->
  </suite> <!-- Suite -->
</testng-results>
