<?xml version="1.0" encoding="UTF-8"?>
<testng-results ignored="0" total="1" passed="1" failed="0" skipped="0">
  <reporter-output>
  </reporter-output>
  <suite started-at="2023-08-01T09:24:16 IST" name="Suite" finished-at="2023-08-01T09:24:22 IST" duration-ms="6290">
    <groups>
    </groups>
    <test started-at="2023-08-01T09:24:16 IST" name="Test" finished-at="2023-08-01T09:24:22 IST" duration-ms="6290">
      <class name="com.saucedemo.test.LoginPageTest">
        <test-method is-config="true" signature="initBrowser()[pri:0, instance:com.saucedemo.test.LoginPageTest@4c2bb6e0]" started-at="2023-08-01T09:24:10 IST" name="initBrowser" finished-at="2023-08-01T09:24:16 IST" duration-ms="5710" status="PASS">
          <reporter-output>
          </reporter-output>
        </test-method> <!-- initBrowser -->
        <test-method signature="validateUnAndPas()[pri:0, instance:com.saucedemo.test.LoginPageTest@4c2bb6e0]" started-at="2023-08-01T09:24:16 IST" name="validateUnAndPas" finished-at="2023-08-01T09:24:22 IST" duration-ms="6219" status="PASS">
          <reporter-output>
          </reporter-output>
        </test-method> <!-- validateUnAndPas -->
        <test-method is-config="true" signature="tearDown()[pri:0, instance:com.saucedemo.test.LoginPageTest@4c2bb6e0]" started-at="2023-08-01T09:24:23 IST" name="tearDown" finished-at="2023-08-01T09:24:23 IST" duration-ms="1" status="PASS">
          <reporter-output>
          </reporter-output>
        </test-method> <!-- tearDown -->
      </class> <!-- com.saucedemo.test.LoginPageTest -->
    </test> <!-- Test -->
  </suite> <!-- Suite -->
</testng-results>
